Crashlog created at 2014-07-11 15:01:48 -0700

===== MESSAGE:

Sass::UnitConversionError: Incompatible units: 'px' and 'vw'.

===== COMPILATION STACK:

  - [item]   /css/style/ (rep default)

===== STACK TRACE:

  0. content/css/style.scss:208
  1. C:/Ruby200-x64/lib/ruby/gems/2.0.0/gems/sass-3.3.9/lib/sass/script/value/number.rb:416:in `coercion_factor'
  2. C:/Ruby200-x64/lib/ruby/gems/2.0.0/gems/sass-3.3.9/lib/sass/script/value/number.rb:349:in `coerce'
  3. C:/Ruby200-x64/lib/ruby/gems/2.0.0/gems/sass-3.3.9/lib/sass/script/value/number.rb:397:in `operate'
  4. C:/Ruby200-x64/lib/ruby/gems/2.0.0/gems/sass-3.3.9/lib/sass/script/value/number.rb:245:in `lt'
  5. C:/Ruby200-x64/lib/ruby/gems/2.0.0/gems/sass-3.3.9/lib/sass/script/functions.rb:1683:in `block in min'
  6. C:/Ruby200-x64/lib/ruby/gems/2.0.0/gems/sass-3.3.9/lib/sass/script/functions.rb:1683:in `each'
  7. C:/Ruby200-x64/lib/ruby/gems/2.0.0/gems/sass-3.3.9/lib/sass/script/functions.rb:1683:in `inject'
  8. C:/Ruby200-x64/lib/ruby/gems/2.0.0/gems/sass-3.3.9/lib/sass/script/functions.rb:1683:in `min'
  9. C:/Ruby200-x64/lib/ruby/gems/2.0.0/gems/sass-3.3.9/lib/sass/script/tree/funcall.rb:140:in `_perform'
  10. C:/Ruby200-x64/lib/ruby/gems/2.0.0/gems/sass-3.3.9/lib/sass/script/tree/node.rb:50:in `perform'
  11. C:/Ruby200-x64/lib/ruby/gems/2.0.0/gems/sass-3.3.9/lib/sass/tree/visitors/perform.rb:366:in `visit_prop'
  12. C:/Ruby200-x64/lib/ruby/gems/2.0.0/gems/sass-3.3.9/lib/sass/tree/visitors/base.rb:36:in `visit'
  13. C:/Ruby200-x64/lib/ruby/gems/2.0.0/gems/sass-3.3.9/lib/sass/tree/visitors/perform.rb:152:in `block in visit'
  14. C:/Ruby200-x64/lib/ruby/gems/2.0.0/gems/sass-3.3.9/lib/sass/stack.rb:79:in `block in with_base'
  15. C:/Ruby200-x64/lib/ruby/gems/2.0.0/gems/sass-3.3.9/lib/sass/stack.rb:121:in `with_frame'
  16. C:/Ruby200-x64/lib/ruby/gems/2.0.0/gems/sass-3.3.9/lib/sass/stack.rb:79:in `with_base'
  17. C:/Ruby200-x64/lib/ruby/gems/2.0.0/gems/sass-3.3.9/lib/sass/tree/visitors/perform.rb:152:in `visit'
  18. C:/Ruby200-x64/lib/ruby/gems/2.0.0/gems/sass-3.3.9/lib/sass/tree/visitors/perform.rb:389:in `block (2 levels) in visit_rule'
  19. C:/Ruby200-x64/lib/ruby/gems/2.0.0/gems/sass-3.3.9/lib/sass/tree/visitors/perform.rb:389:in `map'
  20. C:/Ruby200-x64/lib/ruby/gems/2.0.0/gems/sass-3.3.9/lib/sass/tree/visitors/perform.rb:389:in `block in visit_rule'
  21. C:/Ruby200-x64/lib/ruby/gems/2.0.0/gems/sass-3.3.9/lib/sass/tree/visitors/perform.rb:173:in `with_environment'
  22. C:/Ruby200-x64/lib/ruby/gems/2.0.0/gems/sass-3.3.9/lib/sass/tree/visitors/perform.rb:387:in `visit_rule'
  23. C:/Ruby200-x64/lib/ruby/gems/2.0.0/gems/sass-3.3.9/lib/sass/tree/visitors/base.rb:36:in `visit'
  24. C:/Ruby200-x64/lib/ruby/gems/2.0.0/gems/sass-3.3.9/lib/sass/tree/visitors/perform.rb:152:in `block in visit'
  25. C:/Ruby200-x64/lib/ruby/gems/2.0.0/gems/sass-3.3.9/lib/sass/stack.rb:79:in `block in with_base'
  26. C:/Ruby200-x64/lib/ruby/gems/2.0.0/gems/sass-3.3.9/lib/sass/stack.rb:121:in `with_frame'
  27. C:/Ruby200-x64/lib/ruby/gems/2.0.0/gems/sass-3.3.9/lib/sass/stack.rb:79:in `with_base'
  28. C:/Ruby200-x64/lib/ruby/gems/2.0.0/gems/sass-3.3.9/lib/sass/tree/visitors/perform.rb:152:in `visit'
  29. C:/Ruby200-x64/lib/ruby/gems/2.0.0/gems/sass-3.3.9/lib/sass/tree/visitors/perform.rb:389:in `block (2 levels) in visit_rule'
  30. C:/Ruby200-x64/lib/ruby/gems/2.0.0/gems/sass-3.3.9/lib/sass/tree/visitors/perform.rb:389:in `map'
  31. C:/Ruby200-x64/lib/ruby/gems/2.0.0/gems/sass-3.3.9/lib/sass/tree/visitors/perform.rb:389:in `block in visit_rule'
  32. C:/Ruby200-x64/lib/ruby/gems/2.0.0/gems/sass-3.3.9/lib/sass/tree/visitors/perform.rb:173:in `with_environment'
  33. C:/Ruby200-x64/lib/ruby/gems/2.0.0/gems/sass-3.3.9/lib/sass/tree/visitors/perform.rb:387:in `visit_rule'
  34. C:/Ruby200-x64/lib/ruby/gems/2.0.0/gems/sass-3.3.9/lib/sass/tree/visitors/base.rb:36:in `visit'
  35. C:/Ruby200-x64/lib/ruby/gems/2.0.0/gems/sass-3.3.9/lib/sass/tree/visitors/perform.rb:152:in `block in visit'
  36. C:/Ruby200-x64/lib/ruby/gems/2.0.0/gems/sass-3.3.9/lib/sass/stack.rb:79:in `block in with_base'
  37. C:/Ruby200-x64/lib/ruby/gems/2.0.0/gems/sass-3.3.9/lib/sass/stack.rb:121:in `with_frame'
  38. C:/Ruby200-x64/lib/ruby/gems/2.0.0/gems/sass-3.3.9/lib/sass/stack.rb:79:in `with_base'
  39. C:/Ruby200-x64/lib/ruby/gems/2.0.0/gems/sass-3.3.9/lib/sass/tree/visitors/perform.rb:152:in `visit'
  40. C:/Ruby200-x64/lib/ruby/gems/2.0.0/gems/sass-3.3.9/lib/sass/tree/visitors/perform.rb:389:in `block (2 levels) in visit_rule'
  41. C:/Ruby200-x64/lib/ruby/gems/2.0.0/gems/sass-3.3.9/lib/sass/tree/visitors/perform.rb:389:in `map'
  42. C:/Ruby200-x64/lib/ruby/gems/2.0.0/gems/sass-3.3.9/lib/sass/tree/visitors/perform.rb:389:in `block in visit_rule'
  43. C:/Ruby200-x64/lib/ruby/gems/2.0.0/gems/sass-3.3.9/lib/sass/tree/visitors/perform.rb:173:in `with_environment'
  44. C:/Ruby200-x64/lib/ruby/gems/2.0.0/gems/sass-3.3.9/lib/sass/tree/visitors/perform.rb:387:in `visit_rule'
  45. C:/Ruby200-x64/lib/ruby/gems/2.0.0/gems/sass-3.3.9/lib/sass/tree/visitors/base.rb:36:in `visit'
  46. C:/Ruby200-x64/lib/ruby/gems/2.0.0/gems/sass-3.3.9/lib/sass/tree/visitors/perform.rb:152:in `block in visit'
  47. C:/Ruby200-x64/lib/ruby/gems/2.0.0/gems/sass-3.3.9/lib/sass/stack.rb:79:in `block in with_base'
  48. C:/Ruby200-x64/lib/ruby/gems/2.0.0/gems/sass-3.3.9/lib/sass/stack.rb:121:in `with_frame'
  49. C:/Ruby200-x64/lib/ruby/gems/2.0.0/gems/sass-3.3.9/lib/sass/stack.rb:79:in `with_base'
  50. C:/Ruby200-x64/lib/ruby/gems/2.0.0/gems/sass-3.3.9/lib/sass/tree/visitors/perform.rb:152:in `visit'
  51. C:/Ruby200-x64/lib/ruby/gems/2.0.0/gems/sass-3.3.9/lib/sass/tree/visitors/perform.rb:389:in `block (2 levels) in visit_rule'
  52. C:/Ruby200-x64/lib/ruby/gems/2.0.0/gems/sass-3.3.9/lib/sass/tree/visitors/perform.rb:389:in `map'
  53. C:/Ruby200-x64/lib/ruby/gems/2.0.0/gems/sass-3.3.9/lib/sass/tree/visitors/perform.rb:389:in `block in visit_rule'
  54. C:/Ruby200-x64/lib/ruby/gems/2.0.0/gems/sass-3.3.9/lib/sass/tree/visitors/perform.rb:173:in `with_environment'
  55. C:/Ruby200-x64/lib/ruby/gems/2.0.0/gems/sass-3.3.9/lib/sass/tree/visitors/perform.rb:387:in `visit_rule'
  56. C:/Ruby200-x64/lib/ruby/gems/2.0.0/gems/sass-3.3.9/lib/sass/tree/visitors/base.rb:36:in `visit'
  57. C:/Ruby200-x64/lib/ruby/gems/2.0.0/gems/sass-3.3.9/lib/sass/tree/visitors/perform.rb:152:in `block in visit'
  58. C:/Ruby200-x64/lib/ruby/gems/2.0.0/gems/sass-3.3.9/lib/sass/stack.rb:79:in `block in with_base'
  59. C:/Ruby200-x64/lib/ruby/gems/2.0.0/gems/sass-3.3.9/lib/sass/stack.rb:121:in `with_frame'
  60. C:/Ruby200-x64/lib/ruby/gems/2.0.0/gems/sass-3.3.9/lib/sass/stack.rb:79:in `with_base'
  61. C:/Ruby200-x64/lib/ruby/gems/2.0.0/gems/sass-3.3.9/lib/sass/tree/visitors/perform.rb:152:in `visit'
  62. C:/Ruby200-x64/lib/ruby/gems/2.0.0/gems/sass-3.3.9/lib/sass/tree/visitors/perform.rb:389:in `block (2 levels) in visit_rule'
  63. C:/Ruby200-x64/lib/ruby/gems/2.0.0/gems/sass-3.3.9/lib/sass/tree/visitors/perform.rb:389:in `map'
  64. C:/Ruby200-x64/lib/ruby/gems/2.0.0/gems/sass-3.3.9/lib/sass/tree/visitors/perform.rb:389:in `block in visit_rule'
  65. C:/Ruby200-x64/lib/ruby/gems/2.0.0/gems/sass-3.3.9/lib/sass/tree/visitors/perform.rb:173:in `with_environment'
  66. C:/Ruby200-x64/lib/ruby/gems/2.0.0/gems/sass-3.3.9/lib/sass/tree/visitors/perform.rb:387:in `visit_rule'
  67. C:/Ruby200-x64/lib/ruby/gems/2.0.0/gems/sass-3.3.9/lib/sass/tree/visitors/base.rb:36:in `visit'
  68. C:/Ruby200-x64/lib/ruby/gems/2.0.0/gems/sass-3.3.9/lib/sass/tree/visitors/perform.rb:152:in `block in visit'
  69. C:/Ruby200-x64/lib/ruby/gems/2.0.0/gems/sass-3.3.9/lib/sass/stack.rb:79:in `block in with_base'
  70. C:/Ruby200-x64/lib/ruby/gems/2.0.0/gems/sass-3.3.9/lib/sass/stack.rb:121:in `with_frame'
  71. C:/Ruby200-x64/lib/ruby/gems/2.0.0/gems/sass-3.3.9/lib/sass/stack.rb:79:in `with_base'
  72. C:/Ruby200-x64/lib/ruby/gems/2.0.0/gems/sass-3.3.9/lib/sass/tree/visitors/perform.rb:152:in `visit'
  73. C:/Ruby200-x64/lib/ruby/gems/2.0.0/gems/sass-3.3.9/lib/sass/tree/visitors/base.rb:52:in `block in visit_children'
  74. C:/Ruby200-x64/lib/ruby/gems/2.0.0/gems/sass-3.3.9/lib/sass/tree/visitors/base.rb:52:in `map'
  75. C:/Ruby200-x64/lib/ruby/gems/2.0.0/gems/sass-3.3.9/lib/sass/tree/visitors/base.rb:52:in `visit_children'
  76. C:/Ruby200-x64/lib/ruby/gems/2.0.0/gems/sass-3.3.9/lib/sass/tree/visitors/perform.rb:161:in `block in visit_children'
  77. C:/Ruby200-x64/lib/ruby/gems/2.0.0/gems/sass-3.3.9/lib/sass/tree/visitors/perform.rb:173:in `with_environment'
  78. C:/Ruby200-x64/lib/ruby/gems/2.0.0/gems/sass-3.3.9/lib/sass/tree/visitors/perform.rb:160:in `visit_children'
  79. C:/Ruby200-x64/lib/ruby/gems/2.0.0/gems/sass-3.3.9/lib/sass/tree/visitors/base.rb:36:in `block in visit'
  80. C:/Ruby200-x64/lib/ruby/gems/2.0.0/gems/sass-3.3.9/lib/sass/tree/visitors/perform.rb:180:in `visit_root'
  81. C:/Ruby200-x64/lib/ruby/gems/2.0.0/gems/sass-3.3.9/lib/sass/tree/visitors/base.rb:36:in `visit'
  82. C:/Ruby200-x64/lib/ruby/gems/2.0.0/gems/sass-3.3.9/lib/sass/tree/visitors/perform.rb:151:in `visit'
  83. C:/Ruby200-x64/lib/ruby/gems/2.0.0/gems/sass-3.3.9/lib/sass/tree/visitors/perform.rb:8:in `visit'
  84. C:/Ruby200-x64/lib/ruby/gems/2.0.0/gems/sass-3.3.9/lib/sass/tree/root_node.rb:36:in `css_tree'
  85. C:/Ruby200-x64/lib/ruby/gems/2.0.0/gems/sass-3.3.9/lib/sass/tree/root_node.rb:20:in `render'
  86. C:/Ruby200-x64/lib/ruby/gems/2.0.0/gems/sass-3.3.9/lib/sass/engine.rb:274:in `render'
  87. C:/Ruby200-x64/lib/ruby/gems/2.0.0/gems/nanoc-3.7.1/lib/nanoc/filters/sass.rb:20:in `run'
  88. C:/Ruby200-x64/lib/ruby/gems/2.0.0/gems/nanoc-3.7.1/lib/nanoc/base/compilation/filter.rb:121:in `setup_and_run'
  89. C:/Ruby200-x64/lib/ruby/gems/2.0.0/gems/nanoc-3.7.1/lib/nanoc/base/result_data/item_rep.rb:339:in `filter'
  90. C:/Ruby200-x64/lib/ruby/gems/2.0.0/gems/nanoc-3.7.1/lib/nanoc/base/compilation/item_rep_proxy.rb:47:in `filter'
  91. C:/Ruby200-x64/lib/ruby/gems/2.0.0/gems/nanoc-3.7.1/lib/nanoc/base/compilation/rule_context.rb:61:in `filter'
  92. C:/Users/wangeddx/eddiew.github.io/src/Rules:27:in `block in parse'
  93. C:/Ruby200-x64/lib/ruby/gems/2.0.0/gems/nanoc-3.7.1/lib/nanoc/base/compilation/rule.rb:70:in `instance_eval'
  94. C:/Ruby200-x64/lib/ruby/gems/2.0.0/gems/nanoc-3.7.1/lib/nanoc/base/compilation/rule.rb:70:in `apply_to'
  95. C:/Ruby200-x64/lib/ruby/gems/2.0.0/gems/nanoc-3.7.1/lib/nanoc/base/compilation/compiler.rb:386:in `compile_rep'
  96. C:/Ruby200-x64/lib/ruby/gems/2.0.0/gems/nanoc-3.7.1/lib/nanoc/base/compilation/compiler.rb:342:in `block in compile_reps'
  97. C:/Ruby200-x64/lib/ruby/gems/2.0.0/gems/nanoc-3.7.1/lib/nanoc/base/compilation/compiler.rb:335:in `loop'
  98. C:/Ruby200-x64/lib/ruby/gems/2.0.0/gems/nanoc-3.7.1/lib/nanoc/base/compilation/compiler.rb:335:in `compile_reps'
  99. C:/Ruby200-x64/lib/ruby/gems/2.0.0/gems/nanoc-3.7.1/lib/nanoc/base/compilation/compiler.rb:89:in `run'
  100. C:/Ruby200-x64/lib/ruby/gems/2.0.0/gems/nanoc-3.7.1/lib/nanoc/base/source_data/site.rb:59:in `compile'
  101. C:/Ruby200-x64/lib/ruby/gems/2.0.0/gems/nanoc-3.7.1/lib/nanoc/cli/commands/compile.rb:397:in `block in run'
  102. C:/Ruby200-x64/lib/ruby/gems/2.0.0/gems/nanoc-3.7.1/lib/nanoc/cli/commands/compile.rb:438:in `run_listeners_while'
  103. C:/Ruby200-x64/lib/ruby/gems/2.0.0/gems/nanoc-3.7.1/lib/nanoc/cli/commands/compile.rb:396:in `run'
  104. C:/Ruby200-x64/lib/ruby/gems/2.0.0/gems/nanoc-3.7.1/lib/nanoc/cli/command_runner.rb:14:in `block in call'
  105. C:/Ruby200-x64/lib/ruby/gems/2.0.0/gems/nanoc-3.7.1/lib/nanoc/cli/error_handler.rb:74:in `handle_while'
  106. C:/Ruby200-x64/lib/ruby/gems/2.0.0/gems/nanoc-3.7.1/lib/nanoc/cli/error_handler.rb:26:in `handle_while'
  107. C:/Ruby200-x64/lib/ruby/gems/2.0.0/gems/nanoc-3.7.1/lib/nanoc/cli/command_runner.rb:13:in `call'
  108. C:/Ruby200-x64/lib/ruby/gems/2.0.0/gems/cri-2.6.1/lib/cri/command_dsl.rb:223:in `block in runner'
  109. C:/Ruby200-x64/lib/ruby/gems/2.0.0/gems/cri-2.6.1/lib/cri/command.rb:298:in `call'
  110. C:/Ruby200-x64/lib/ruby/gems/2.0.0/gems/cri-2.6.1/lib/cri/command.rb:298:in `run_this'
  111. C:/Ruby200-x64/lib/ruby/gems/2.0.0/gems/cri-2.6.1/lib/cri/command.rb:251:in `run'
  112. C:/Ruby200-x64/lib/ruby/gems/2.0.0/gems/nanoc-3.7.1/lib/nanoc/cli/commands/nanoc.rb:39:in `block in define'
  113. C:/Ruby200-x64/lib/ruby/gems/2.0.0/gems/cri-2.6.1/lib/cri/command.rb:298:in `call'
  114. C:/Ruby200-x64/lib/ruby/gems/2.0.0/gems/cri-2.6.1/lib/cri/command.rb:298:in `run_this'
  115. C:/Ruby200-x64/lib/ruby/gems/2.0.0/gems/cri-2.6.1/lib/cri/command.rb:251:in `run'
  116. C:/Ruby200-x64/lib/ruby/gems/2.0.0/gems/nanoc-3.7.1/lib/nanoc/cli.rb:59:in `block in run'
  117. C:/Ruby200-x64/lib/ruby/gems/2.0.0/gems/nanoc-3.7.1/lib/nanoc/cli/error_handler.rb:74:in `handle_while'
  118. C:/Ruby200-x64/lib/ruby/gems/2.0.0/gems/nanoc-3.7.1/lib/nanoc/cli/error_handler.rb:26:in `handle_while'
  119. C:/Ruby200-x64/lib/ruby/gems/2.0.0/gems/nanoc-3.7.1/lib/nanoc/cli.rb:57:in `run'
  120. C:/Ruby200-x64/lib/ruby/gems/2.0.0/gems/nanoc-3.7.1/bin/nanoc:24:in `<top (required)>'
  121. C:/Ruby200-x64/bin/nanoc:23:in `load'

===== VERSION INFORMATION:

nanoc 3.7.1 © 2007-2014 Denis Defreyne.
Running ruby 2.0.0 (2014-05-08) on x64-mingw32 with RubyGems 2.3.0.

===== SYSTEM INFORMATION:

MINGW32_NT-6.1 WANGEDDX-MOBL 1.0.12(0.46/3/2) 2012-07-05 14:56 i686 unknown

===== INSTALLED GEMS:

  adsf 1.2.0
  allison 2.0.3
  bigdecimal 1.2.0
  colored 1.2
  cri 2.6.1
  echoe 4.6.6
  execjs 2.2.1
  haml 4.0.5
  io-console 0.4.2
  json 1.7.7, 1.8.1
  json_pure 1.8.1
  minitest 4.3.2
  nanoc 3.7.1
  psych 2.0.0
  rack 1.5.2
  rainpress 1.0
  rake 0.9.6
  rdoc 4.0.0
  rubyforge 2.0.4
  sass 3.3.9
  test-unit 2.0.0.0
  tilt 2.0.1
  uglifier 2.5.1

===== ENVIRONMENT:

ALLUSERSPROFILE => "C:\\ProgramData"
APPDATA => "C:\\Users\\wangeddx\\AppData\\Roaming"
COMMPath => "C:\\Program Files\\Lenovo\\Communications Utility"
COMPUTERNAME => "WANGEDDX-MOBL"
ComSpec => "C:\\windows\\system32\\cmd.exe"
CommonProgramFiles => "C:\\Program Files\\Common Files"
CommonProgramFiles(x86) => "C:\\Program Files (x86)\\Common Files"
CommonProgramW6432 => "C:\\Program Files\\Common Files"
DEFLOGDIR => "C:\\ProgramData\\McAfee\\DesktopProtection"
ECClient => "ITBuild_ECenabled"
FP_NO_HOST_CHECK => "NO"
HOME => "C:/Users/wangeddx"
HOMEDRIVE => "C:"
HOMEPATH => "\\Users\\wangeddx"
IntelLogs => "C:\\Intel\\Logs"
JAVA_HOME => "C:\\Program Files\\Java\\jdk1.8.0_05"
LOCALAPPDATA => "C:\\Users\\wangeddx\\AppData\\Local"
LOGONSERVER => "\\\\ORSAMR402"
NUMBER_OF_PROCESSORS => "4"
OS => "Windows_NT"
PATHEXT => ".COM;.EXE;.BAT;.CMD;.VBS;.VBE;.JS;.JSE;.WSF;.WSH;.MSC;.RB;.RBW"
PROCDIRLOG => "\"C:\\MININT\\SMSOSD\\OSDLOGS\""
PROCESSOR_ARCHITECTURE => "AMD64"
PROCESSOR_IDENTIFIER => "Intel64 Family 6 Model 37 Stepping 2, GenuineIntel"
PROCESSOR_LEVEL => "6"
PROCESSOR_REVISION => "2502"
PROMPT => "$P$G"
PSModulePath => "C:\\windows\\system32\\WindowsPowerShell\\v1.0\\Modules\\"
PUBLIC => "C:\\Users\\Public"
Path => "C:\\Program Files (x86)\\Haskell\\bin;C:\\Program Files (x86)\\Haskell Platform\\2013.2.0.0\\lib\\extralibs\\bin;C:\\Program Files (x86)\\Haskell Platform\\2013.2.0.0\\bin;C:\\Python27\\;C:\\windows\\system32;C:\\windows;C:\\windows\\System32\\Wbem;C:\\windows\\System32\\WindowsPowerShell\\v1.0\\;C:\\Program Files\\Intel\\WiFi\\bin\\;C:\\Program Files\\Common Files\\Intel\\WirelessCommon\\;C:\\PROGRA~2\\F-Secure\\ssh;C:\\Program Files\\Microsoft\\Web Platform Installer\\;C:\\Program Files (x86)\\Microsoft ASP.NET\\ASP.NET Web Pages\\v1.0\\;C:\\Program Files (x86)\\Windows Kits\\8.0\\Windows Performance Toolkit\\;C:\\Program Files\\Microsoft SQL Server\\110\\Tools\\Binn\\;C:\\Program Files (x86)\\Git\\cmd;C:\\Program Files (x86)\\Git\\bin;C:\\Program Files\\nodejs\\;C:\\Program Files (x86)\\Haskell Platform\\2013.2.0.0\\mingw\\bin;C:\\Ruby200-x64\\devkit\\bin;C:\\Program Files (x86)\\CMake\\bin;C:\\hsd_win32\\Release;C:\\Octave-3.6.4\\bin;C:\\Ruby200-x64\\bin;C:\\Users\\wangeddx\\AppData\\Roaming\\cabal\\bin;C:\\Users\\wangeddx\\AppData\\Roaming\\npm"
ProgramData => "C:\\ProgramData"
ProgramFiles => "C:\\Program Files"
ProgramFiles(x86) => "C:\\Program Files (x86)"
ProgramW6432 => "C:\\Program Files"
SESSIONNAME => "Console"
SystemDrive => "C:"
SystemRoot => "C:\\windows"
TEMP => "C:\\Users\\wangeddx\\AppData\\Local\\Temp"
TMP => "C:\\Users\\wangeddx\\AppData\\Local\\Temp"
UATDATA => "C:\\windows\\SysWOW64\\CCM\\UATData\\D9F8C395-CAB8-491d-B8AC-179A1FE1BE77"
USER => "wangeddx"
USERDNSDOMAIN => "AMR.CORP.INTEL.COM"
USERDOMAIN => "AMR"
USERDOMAIN_ROAMINGPROFILE => "AMR"
USERNAME => "wangeddx"
USERPROFILE => "C:\\Users\\wangeddx"
VS110COMNTOOLS => "C:\\Program Files (x86)\\Microsoft Visual Studio 11.0\\Common7\\Tools\\"
VSEDEFLOGDIR => "C:\\ProgramData\\McAfee\\DesktopProtection"
WsSite => "OR-Oregon"
http_proxy => "http://proxy-us.intel.com:911"
https_proxy => "http://proxy-us.intel.com:912"
windir => "C:\\windows"
windows_tracing_flags => "3"
windows_tracing_logfile => "C:\\BVTBin\\Tests\\installpackage\\csilogfile.log"

===== LOAD PATHS:

  0. C:/Ruby200-x64/lib/ruby/gems/2.0.0/gems/nanoc-3.7.1/lib
  1. C:/Ruby200-x64/lib/ruby/gems/2.0.0/gems/colored-1.2/lib
  2. C:/Ruby200-x64/lib/ruby/gems/2.0.0/gems/cri-2.6.1/lib
  3. C:/Ruby200-x64/lib/ruby/gems/2.0.0/gems/nanoc-3.7.1/lib
  4. C:/Ruby200-x64/lib/ruby/gems/2.0.0/gems/sass-3.3.9/lib
  5. C:/Ruby200-x64/lib/ruby/site_ruby/2.0.0
  6. C:/Ruby200-x64/lib/ruby/site_ruby/2.0.0/x64-msvcrt
  7. C:/Ruby200-x64/lib/ruby/site_ruby
  8. C:/Ruby200-x64/lib/ruby/vendor_ruby/2.0.0
  9. C:/Ruby200-x64/lib/ruby/vendor_ruby/2.0.0/x64-msvcrt
  10. C:/Ruby200-x64/lib/ruby/vendor_ruby
  11. C:/Ruby200-x64/lib/ruby/2.0.0
  12. C:/Ruby200-x64/lib/ruby/2.0.0/x64-mingw32
